<?xml version="1.0" encoding="UTF-8"?>
<testng-results ignored="0" total="1" passed="1" failed="0" skipped="0">
  <reporter-output>
  </reporter-output>
  <suite started-at="2020-05-26T17:30:13 IST" name="example.NewTest" finished-at="2020-05-26T17:30:25 IST" duration-ms="11160">
    <groups>
    </groups>
    <test started-at="2020-05-26T17:30:13 IST" name="Command line test" finished-at="2020-05-26T17:30:25 IST" duration-ms="11160">
      <class name="example.NewTest">
        <test-method is-config="true" signature="beforeTest()[pri:0, instance:example.NewTest@631330c]" started-at="2020-05-26T17:30:13 IST" name="beforeTest" finished-at="2020-05-26T17:30:16 IST" duration-ms="2228" status="PASS">
          <reporter-output>
          </reporter-output>
        </test-method> <!-- beforeTest -->
        <test-method signature="testEsay()[pri:0, instance:example.NewTest@631330c]" started-at="2020-05-26T17:30:16 IST" name="testEsay" finished-at="2020-05-26T17:30:24 IST" duration-ms="8673" status="PASS">
          <reporter-output>
          </reporter-output>
        </test-method> <!-- testEsay -->
        <test-method is-config="true" signature="afterTest()[pri:0, instance:example.NewTest@631330c]" started-at="2020-05-26T17:30:24 IST" name="afterTest" finished-at="2020-05-26T17:30:25 IST" duration-ms="182" status="PASS">
          <reporter-output>
          </reporter-output>
        </test-method> <!-- afterTest -->
      </class> <!-- example.NewTest -->
    </test> <!-- Command line test -->
  </suite> <!-- example.NewTest -->
</testng-results>
